Arguments: 
  C:\Program Files\nodejs\node.exe C:\Program Files\nodejs\node_modules\yarn\bin\yarn.js add vue-excel-xlsx

PATH: 
  C:\ProgramData\Oracle\Java\javapath;C:\Windows\system32;C:\Windows;C:\Windows\System32\Wbem;C:\Windows\System32\WindowsPowerShell\v1.0\;C:\Windows\System32\OpenSSH\;C:\ProgramData\chocolatey\bin;%NVM_HOME%;%NVM_SYMLINK%;C:\Program Files\Git\cmd;C:\Users\Amr\AppData\Local\Microsoft\WindowsApps;C:\Users\Amr\AppData\Local\Programs\Microsoft VS Code\bin;C:\Users\Amr\AppData\Roaming\nvm;C:\Program Files\nodejs

Yarn version: 
  1.22.19

Node version: 
  16.14.0

Platform: 
  win32 x64

Trace: 
  Error: EPERM: operation not permitted, unlink 'D:\work\staging branch\node_modules\esbuild-windows-64\esbuild.exe'

npm manifest: 
  {
    "name": "plat-fit-admin",
    "version": "0.0.0",
    "scripts": {
      "dev": "vite",
      "build": "vite build"
    },
    "dependencies": {
      "@hennge/vue3-pagination": "^1.0.17",
      "@highlightjs/vue-plugin": "^2.0.1",
      "@iconify/iconify": "^2.0.4",
      "@meforma/vue-toaster": "^1.2.2",
      "@ocrv/vue-tailwind-pagination": "0.0.4",
      "@vueform/multiselect": "^2.2.0",
      "@vuelidate/core": "^2.0.0-alpha.32",
      "@vuelidate/validators": "^2.0.0-alpha.25",
      "@vuepic/vue-datepicker": "^3.6.3",
      "@vueup/vue-quill": "^1.0.0-beta.8",
      "@vueuse/core": "^6.0.0",
      "date-fns": "^2.28.0",
      "download-csv": "^1.1.1",
      "highlight.js": "^11.2.0",
      "jspdf": "^2.5.1",
      "jspdf-autotable": "^3.5.25",
      "laravel-echo": "^1.11.7",
      "lodash": "^4.17.21",
      "nprogress": "^0.2.0",
      "pusher-js": "^7.1.0-beta",
      "tailwindcss-rtl": "^0.9.0",
      "tw-elements": "^1.0.0-alpha12",
      "vue": "^3.0.5",
      "vue-3-export-excel": "^1.0.8",
      "vue-i18n": "^9.2.2",
      "vue-json-csv": "^2.1.0",
      "vue-router": "^4.0.11",
      "vue-sweetalert2": "^5.0.2",
      "vue3-carousel": "^0.1.36",
      "vuex": "^4.0.2",
      "xlsx": "^0.17.3"
    },
    "devDependencies": {
      "@commitlint/cli": "^13.1.0",
      "@commitlint/config-conventional": "^13.1.0",
      "@iconify/json": "^1.1.402",
      "@vitejs/plugin-vue": "^1.3.0",
      "@vue/compiler-sfc": "^3.2.11",
      "autoprefixer": "^10.3.1",
      "husky": "^7.0.1",
      "postcss": "^8.3.6",
      "rollup-plugin-visualizer": "^5.5.2",
      "tailwindcss": "^2.2.7",
      "unplugin-icons": "^0.11.1",
      "unplugin-vue-components": "^0.15.1",
      "vite": "^2.4.4",
      "vite-plugin-purge-icons": "^0.7.0"
    }
  }

yarn manifest: 
  No manifest

Lockfile: 
  No lockfile
